0 info it worked if it ends with ok
1 verbose cli [ '/usr/bin/node', '/usr/bin/npm', 'run', 'test' ]
2 info using npm@3.5.2
3 info using node@v8.10.0
4 verbose run-script [ 'pretest', 'test', 'posttest' ]
5 info lifecycle brave-server@1.0.0~pretest: brave-server@1.0.0
6 silly lifecycle brave-server@1.0.0~pretest: no script for pretest, continuing
7 info lifecycle brave-server@1.0.0~test: brave-server@1.0.0
8 verbose lifecycle brave-server@1.0.0~test: unsafe-perm in lifecycle true
9 verbose lifecycle brave-server@1.0.0~test: PATH: /usr/share/npm/bin/node-gyp-bin:/home/labber/lighthouse/Brave/BraveButtons/server/node_modules/.bin:/home/labber/.rvm/gems/ruby-3.1.1/bin:/home/labber/.rvm/gems/ruby-3.1.1@global/bin:/home/labber/.rvm/rubies/ruby-3.1.1/bin:/usr/local/sbin:/usr/local/bin:/usr/sbin:/usr/bin:/sbin:/bin:/usr/games:/usr/local/games:/usr/lib/wsl/lib:/mnt/c/Python311/Scripts/:/mnt/c/Python311/:/mnt/c/Program Files (x86)/Common Files/Intel/Shared Libraries/redist/intel64/compiler:/mnt/c/Program Files/Common Files/Oracle/Java/javapath:/mnt/c/WINDOWS/system32:/mnt/c/WINDOWS:/mnt/c/WINDOWS/System32/Wbem:/mnt/c/WINDOWS/System32/WindowsPowerShell/v1.0/:/mnt/c/WINDOWS/System32/OpenSSH/:/mnt/c/Program Files/MATLAB/R2021a/runtime/win64:/mnt/c/Program Files/MATLAB/R2021a/bin:/mnt/c/Program Files/dotnet/:/mnt/c/Program Files/Git/cmd:/mnt/c/Program Files/Amazon/AWSCLIV2/:/mnt/c/Program Files/Docker/Docker/resources/bin:/mnt/c/Program Files/PuTTY/:/mnt/c/HashiCorp/Vagrant/bin:/mnt/c/ProgramData/chocolatey/bin:/mnt/c/Program Files (x86)/STMicroelectronics/STM32 ST-LINK Utility/ST-LINK Utility:/mnt/c/Program Files (x86)/Microsoft SQL Server/160/Tools/Binn/:/mnt/c/Program Files/Microsoft SQL Server/160/Tools/Binn/:/mnt/c/Program Files/Microsoft SQL Server/Client SDK/ODBC/170/Tools/Binn/:/mnt/c/Program Files/Microsoft SQL Server/160/DTS/Binn/:/mnt/c/Program Files (x86)/Microsoft SQL Server/160/DTS/Binn/:/mnt/c/Program Files/Azure Data Studio/bin:/mnt/c/Users/ahmad/AppData/Local/Programs/Python/Python310/Scripts/:/mnt/c/Users/ahmad/AppData/Local/Programs/Python/Python310/:/mnt/c/Users/ahmad/AppData/Local/Microsoft/WindowsApps:/mnt/c/Users/ahmad/AppData/Local/Programs/Microsoft VS Code/bin:/mnt/c/ProgramData/ahmad/GitHubDesktop/bin:/mnt/c/Users/ahmad/AppData/Local/GitHubDesktop/bin:/mnt/c/Program Files/Azure Data Studio/bin:/mnt/c/Users/ahmad/AppData/Local/Box/Box Edit/:/snap/bin:/usr/local/bin:/home/labber/.rvm/bin:/home/labber/.rvm/bin
10 verbose lifecycle brave-server@1.0.0~test: CWD: /home/labber/lighthouse/Brave/BraveButtons/server
11 silly lifecycle brave-server@1.0.0~test: Args: [ '-c', 'NODE_ENV=test mocha --timeout 10000 "test/**/*.js"' ]
12 silly lifecycle brave-server@1.0.0~test: Returned: code: 1  signal: null
13 info lifecycle brave-server@1.0.0~test: Failed to exec test script
14 verbose stack Error: brave-server@1.0.0 test: `NODE_ENV=test mocha --timeout 10000 "test/**/*.js"`
14 verbose stack Exit status 1
14 verbose stack     at EventEmitter.<anonymous> (/usr/share/npm/lib/utils/lifecycle.js:232:16)
14 verbose stack     at emitTwo (events.js:126:13)
14 verbose stack     at EventEmitter.emit (events.js:214:7)
14 verbose stack     at ChildProcess.<anonymous> (/usr/share/npm/lib/utils/spawn.js:24:14)
14 verbose stack     at emitTwo (events.js:126:13)
14 verbose stack     at ChildProcess.emit (events.js:214:7)
14 verbose stack     at maybeClose (internal/child_process.js:925:16)
14 verbose stack     at Process.ChildProcess._handle.onexit (internal/child_process.js:209:5)
15 verbose pkgid brave-server@1.0.0
16 verbose cwd /home/labber/lighthouse/Brave/BraveButtons/server
17 error Linux 5.15.90.1-microsoft-standard-WSL2
18 error argv "/usr/bin/node" "/usr/bin/npm" "run" "test"
19 error node v8.10.0
20 error npm  v3.5.2
21 error code ELIFECYCLE
22 error brave-server@1.0.0 test: `NODE_ENV=test mocha --timeout 10000 "test/**/*.js"`
22 error Exit status 1
23 error Failed at the brave-server@1.0.0 test script 'NODE_ENV=test mocha --timeout 10000 "test/**/*.js"'.
23 error Make sure you have the latest version of node.js and npm installed.
23 error If you do, this is most likely a problem with the brave-server package,
23 error not with npm itself.
23 error Tell the author that this fails on your system:
23 error     NODE_ENV=test mocha --timeout 10000 "test/**/*.js"
23 error You can get information on how to open an issue for this project with:
23 error     npm bugs brave-server
23 error Or if that isn't available, you can get their info via:
23 error     npm owner ls brave-server
23 error There is likely additional logging output above.
24 verbose exit [ 1, true ]
